生成启动时间为 2017/6/22 21:01:10。
     1>项目“D:\louzi_GitHub\after graduation and before entry\Snake\Snake\Snake\Snake.vcxproj”在节点 2 上(Build 个目标)。
     1>ClCompile:
         C:\Program Files (x86)\Microsoft Visual Studio 12.0\VC\bin\CL.exe /c /ZI /nologo /W3 /WX- /sdl /Od /Oy- /D WIN32 /D _DEBUG /D _WINDOWS /D _UNICODE /D UNICODE /Gm /EHsc /RTC1 /MDd /GS /fp:precise /Zc:wchar_t /Zc:forScope /Fo"Debug\\" /Fd"Debug\vc120.pdb" /Gd /TP /analyze- /errorReport:prompt Food.cpp SnakeC.cpp
         Food.cpp
         正在生成代码...
         正在编译...
         SnakeC.cpp
         正在生成代码...
         C:\Program Files (x86)\Microsoft Visual Studio 12.0\VC\bin\CL.exe /c /ZI /nologo /W3 /WX- /sdl /Od /Oy- /D WIN32 /D _DEBUG /D _WINDOWS /D _UNICODE /D UNICODE /Gm /EHsc /RTC1 /MDd /GS /fp:precise /Zc:wchar_t /Zc:forScope /Yu"stdafx.h" /Fp"Debug\Snake.pch" /Fo"Debug\\" /Fd"Debug\vc120.pdb" /Gd /TP /analyze- /errorReport:prompt Snake.cpp
         Snake.cpp
     1>d:\louzi_github\after graduation and before entry\snake\snake\snake\snake.cpp(315): warning C4244: “参数”: 从“time_t”转换到“unsigned int”，可能丢失数据
       Link:
         C:\Program Files (x86)\Microsoft Visual Studio 12.0\VC\bin\link.exe /ERRORREPORT:PROMPT /OUT:"D:\louzi_GitHub\after graduation and before entry\Snake\Snake\Debug\Snake.exe" /INCREMENTAL /NOLOGO opencv_world310.lib opencv_world310d.lib kernel32.lib user32.lib gdi32.lib winspool.lib comdlg32.lib advapi32.lib shell32.lib ole32.lib oleaut32.lib uuid.lib odbc32.lib odbccp32.lib /MANIFEST /MANIFESTUAC:"level='asInvoker' uiAccess='false'" /manifest:embed /DEBUG /PDB:"D:\louzi_GitHub\after graduation and before entry\Snake\Snake\Debug\Snake.pdb" /SUBSYSTEM:WINDOWS /TLBID:1 /DYNAMICBASE /NXCOMPAT /IMPLIB:"D:\louzi_GitHub\after graduation and before entry\Snake\Snake\Debug\Snake.lib" /MACHINE:X86 Debug\Snake.res
         Debug\Food.obj
         Debug\Snake.obj
         Debug\SnakeC.obj
         Debug\stdafx.obj
         Snake.vcxproj -> D:\louzi_GitHub\after graduation and before entry\Snake\Snake\Debug\Snake.exe
     1>已完成生成项目“D:\louzi_GitHub\after graduation and before entry\Snake\Snake\Snake\Snake.vcxproj”(Build 个目标)的操作。

生成成功。

已用时间 00:00:01.67
